<?xml version="1.0" encoding="UTF-8"?>
<testng-results ignored="0" total="1" passed="1" failed="0" skipped="0">
  <reporter-output>
  </reporter-output>
  <suite started-at="2022-12-09T13:53:35 EET" name="Default suite" finished-at="2022-12-09T13:55:15 EET" duration-ms="100087">
    <groups>
    </groups>
    <test started-at="2022-12-09T13:53:35 EET" name="Default test" finished-at="2022-12-09T13:55:15 EET" duration-ms="100087">
      <class name="holoPackage.HoloClass">
        <test-method signature="Holo()[pri:1, instance:holoPackage.HoloClass@2f7c2f4f]" started-at="2022-12-09T13:53:35 EET" name="Holo" finished-at="2022-12-09T13:55:15 EET" duration-ms="99848" status="PASS">
          <reporter-output>
          </reporter-output>
        </test-method> <!-- Holo -->
      </class> <!-- holoPackage.HoloClass -->
    </test> <!-- Default test -->
  </suite> <!-- Default suite -->
</testng-results>
